[11-13 20:25:28]: [INFO] Created column 'regdate' and set the current timestamp, 1668353128646, to all 0 rows
[11-13 20:25:28]: [INFO] SQLite Setup finished
[11-13 20:25:28]: [INFO] Hooked into LuckPerms!
[11-13 20:25:28]: [INFO] AuthMe 5.6.0-beta2 build n.2453 successfully enabled!
[11-13 20:25:29]: [INFO] Downloading GEO IP database, because the old database is older than 30 days or doesn't exist
[11-13 20:25:29]: [WARN] No MaxMind credentials found in the configuration file! GeoIp protections will be disabled.
[11-13 20:25:29]: [INFO] There is no newer GEO IP database uploaded to MaxMind. Using the old one for now.
[11-13 20:25:29]: [WARN] Could not download GeoLiteAPI database [FileNotFoundException]: plugins\AuthMe\GeoLite2-Country.mmdb (Не удается найти указанный файл)
[11-13 20:25:29]: java.io.FileNotFoundException: plugins\AuthMe\GeoLite2-Country.mmdb (Не удается найти указанный файл)
	at java.base/java.io.RandomAccessFile.open0(Native Method)
	at java.base/java.io.RandomAccessFile.open(RandomAccessFile.java:343)
	at java.base/java.io.RandomAccessFile.<init>(RandomAccessFile.java:258)
	at java.base/java.io.RandomAccessFile.<init>(RandomAccessFile.java:213)
	at fr.xephi.authme.libs.com.maxmind.db.BufferHolder.<init>(BufferHolder.java:20)
	at fr.xephi.authme.libs.com.maxmind.db.Reader.<init>(Reader.java:121)
	at fr.xephi.authme.service.GeoIpService.startReading(GeoIpService.java:173)
	at fr.xephi.authme.service.GeoIpService.updateDatabase(GeoIpService.java:144)
	at org.bukkit.craftbukkit.v1_16_R3.scheduler.CraftTask.run(CraftTask.java:100)
	at org.bukkit.craftbukkit.v1_16_R3.scheduler.CraftAsyncTask.run(CraftAsyncTask.java:58)
	at com.destroystokyo.paper.ServerSchedulerReportingWrapper.run(ServerSchedulerReportingWrapper.java:22)
	at java.base/java.util.concurrent.ThreadPoolExecutor.runWorker(ThreadPoolExecutor.java:1130)
	at java.base/java.util.concurrent.ThreadPoolExecutor$Worker.run(ThreadPoolExecutor.java:630)
	at java.base/java.lang.Thread.run(Thread.java:831)

[11-13 20:25:43]: [FINE] M1ndx registered 127.0.0.1
[11-13 20:25:43]: [FINE] M1ndx logged in 127.0.0.1
[11-13 20:26:01]: [FINE] M1ndx logged in 127.0.0.1
[11-15 21:42:02]: [INFO] SQLite Setup finished
[11-15 21:42:02]: [INFO] Hooked into LuckPerms!
[11-15 21:42:02]: [INFO] AuthMe 5.6.0-beta2 build n.2453 successfully enabled!
[11-15 21:42:02]: [INFO] Downloading GEO IP database, because the old database is older than 30 days or doesn't exist
[11-15 21:42:02]: [WARN] No MaxMind credentials found in the configuration file! GeoIp protections will be disabled.
[11-15 21:42:02]: [INFO] There is no newer GEO IP database uploaded to MaxMind. Using the old one for now.
[11-15 21:42:02]: [WARN] Could not download GeoLiteAPI database [FileNotFoundException]: plugins\AuthMe\GeoLite2-Country.mmdb (Не удается найти указанный файл)
[11-15 21:42:02]: java.io.FileNotFoundException: plugins\AuthMe\GeoLite2-Country.mmdb (Не удается найти указанный файл)
	at java.base/java.io.RandomAccessFile.open0(Native Method)
	at java.base/java.io.RandomAccessFile.open(RandomAccessFile.java:343)
	at java.base/java.io.RandomAccessFile.<init>(RandomAccessFile.java:258)
	at java.base/java.io.RandomAccessFile.<init>(RandomAccessFile.java:213)
	at fr.xephi.authme.libs.com.maxmind.db.BufferHolder.<init>(BufferHolder.java:20)
	at fr.xephi.authme.libs.com.maxmind.db.Reader.<init>(Reader.java:121)
	at fr.xephi.authme.service.GeoIpService.startReading(GeoIpService.java:173)
	at fr.xephi.authme.service.GeoIpService.updateDatabase(GeoIpService.java:144)
	at org.bukkit.craftbukkit.v1_16_R3.scheduler.CraftTask.run(CraftTask.java:100)
	at org.bukkit.craftbukkit.v1_16_R3.scheduler.CraftAsyncTask.run(CraftAsyncTask.java:58)
	at com.destroystokyo.paper.ServerSchedulerReportingWrapper.run(ServerSchedulerReportingWrapper.java:22)
	at java.base/java.util.concurrent.ThreadPoolExecutor.runWorker(ThreadPoolExecutor.java:1130)
	at java.base/java.util.concurrent.ThreadPoolExecutor$Worker.run(ThreadPoolExecutor.java:630)
	at java.base/java.lang.Thread.run(Thread.java:831)

[11-15 21:42:21]: [FINE] M1ndx logged in 127.0.0.1
[11-15 21:46:59]: [FINE] M1ndx logged in 127.0.0.1
[11-15 21:50:00]: [FINE] M1ndx logged in 127.0.0.1
[11-15 21:57:15]: [INFO] SQLite Setup finished
[11-15 21:57:15]: [INFO] Hooked into LuckPerms!
[11-15 21:57:15]: [INFO] AuthMe 5.6.0-beta2 build n.2453 successfully enabled!
[11-15 21:57:15]: [INFO] Downloading GEO IP database, because the old database is older than 30 days or doesn't exist
[11-15 21:57:15]: [WARN] No MaxMind credentials found in the configuration file! GeoIp protections will be disabled.
[11-15 21:57:15]: [INFO] There is no newer GEO IP database uploaded to MaxMind. Using the old one for now.
[11-15 21:57:15]: [WARN] Could not download GeoLiteAPI database [FileNotFoundException]: plugins\AuthMe\GeoLite2-Country.mmdb (Не удается найти указанный файл)
[11-15 21:57:15]: java.io.FileNotFoundException: plugins\AuthMe\GeoLite2-Country.mmdb (Не удается найти указанный файл)
	at java.base/java.io.RandomAccessFile.open0(Native Method)
	at java.base/java.io.RandomAccessFile.open(RandomAccessFile.java:343)
	at java.base/java.io.RandomAccessFile.<init>(RandomAccessFile.java:258)
	at java.base/java.io.RandomAccessFile.<init>(RandomAccessFile.java:213)
	at fr.xephi.authme.libs.com.maxmind.db.BufferHolder.<init>(BufferHolder.java:20)
	at fr.xephi.authme.libs.com.maxmind.db.Reader.<init>(Reader.java:121)
	at fr.xephi.authme.service.GeoIpService.startReading(GeoIpService.java:173)
	at fr.xephi.authme.service.GeoIpService.updateDatabase(GeoIpService.java:144)
	at org.bukkit.craftbukkit.v1_16_R3.scheduler.CraftTask.run(CraftTask.java:100)
	at org.bukkit.craftbukkit.v1_16_R3.scheduler.CraftAsyncTask.run(CraftAsyncTask.java:58)
	at com.destroystokyo.paper.ServerSchedulerReportingWrapper.run(ServerSchedulerReportingWrapper.java:22)
	at java.base/java.util.concurrent.ThreadPoolExecutor.runWorker(ThreadPoolExecutor.java:1130)
	at java.base/java.util.concurrent.ThreadPoolExecutor$Worker.run(ThreadPoolExecutor.java:630)
	at java.base/java.lang.Thread.run(Thread.java:831)

[11-15 21:57:23]: [FINE] M1ndx logged in 127.0.0.1
[11-15 22:00:58]: [INFO] SQLite Setup finished
[11-15 22:00:58]: [INFO] Hooked into LuckPerms!
[11-15 22:00:58]: [INFO] AuthMe 5.6.0-beta2 build n.2453 successfully enabled!
[11-15 22:00:58]: [INFO] Downloading GEO IP database, because the old database is older than 30 days or doesn't exist
[11-15 22:00:58]: [WARN] No MaxMind credentials found in the configuration file! GeoIp protections will be disabled.
[11-15 22:00:58]: [INFO] There is no newer GEO IP database uploaded to MaxMind. Using the old one for now.
[11-15 22:00:58]: [WARN] Could not download GeoLiteAPI database [FileNotFoundException]: plugins\AuthMe\GeoLite2-Country.mmdb (Не удается найти указанный файл)
[11-15 22:00:58]: java.io.FileNotFoundException: plugins\AuthMe\GeoLite2-Country.mmdb (Не удается найти указанный файл)
	at java.base/java.io.RandomAccessFile.open0(Native Method)
	at java.base/java.io.RandomAccessFile.open(RandomAccessFile.java:343)
	at java.base/java.io.RandomAccessFile.<init>(RandomAccessFile.java:258)
	at java.base/java.io.RandomAccessFile.<init>(RandomAccessFile.java:213)
	at fr.xephi.authme.libs.com.maxmind.db.BufferHolder.<init>(BufferHolder.java:20)
	at fr.xephi.authme.libs.com.maxmind.db.Reader.<init>(Reader.java:121)
	at fr.xephi.authme.service.GeoIpService.startReading(GeoIpService.java:173)
	at fr.xephi.authme.service.GeoIpService.updateDatabase(GeoIpService.java:144)
	at org.bukkit.craftbukkit.v1_16_R3.scheduler.CraftTask.run(CraftTask.java:100)
	at org.bukkit.craftbukkit.v1_16_R3.scheduler.CraftAsyncTask.run(CraftAsyncTask.java:58)
	at com.destroystokyo.paper.ServerSchedulerReportingWrapper.run(ServerSchedulerReportingWrapper.java:22)
	at java.base/java.util.concurrent.ThreadPoolExecutor.runWorker(ThreadPoolExecutor.java:1130)
	at java.base/java.util.concurrent.ThreadPoolExecutor$Worker.run(ThreadPoolExecutor.java:630)
	at java.base/java.lang.Thread.run(Thread.java:831)

[11-15 22:01:04]: [FINE] M1ndx logged in 127.0.0.1
[11-15 22:36:17]: [FINE] M1ndx logged in 127.0.0.1
[12-11 19:34:23]: [INFO] SQLite Setup finished
[12-11 19:34:23]: [INFO] Hooked into LuckPerms!
[12-11 19:34:23]: [INFO] AuthMe 5.6.0-beta2 build n.2453 successfully enabled!
[12-11 19:34:24]: [INFO] Downloading GEO IP database, because the old database is older than 30 days or doesn't exist
[12-11 19:34:24]: [WARN] No MaxMind credentials found in the configuration file! GeoIp protections will be disabled.
[12-11 19:34:24]: [INFO] There is no newer GEO IP database uploaded to MaxMind. Using the old one for now.
[12-11 19:34:24]: [WARN] Could not download GeoLiteAPI database [FileNotFoundException]: plugins\AuthMe\GeoLite2-Country.mmdb (Не удается найти указанный файл)
[12-11 19:34:24]: java.io.FileNotFoundException: plugins\AuthMe\GeoLite2-Country.mmdb (Не удается найти указанный файл)
	at java.base/java.io.RandomAccessFile.open0(Native Method)
	at java.base/java.io.RandomAccessFile.open(RandomAccessFile.java:343)
	at java.base/java.io.RandomAccessFile.<init>(RandomAccessFile.java:258)
	at java.base/java.io.RandomAccessFile.<init>(RandomAccessFile.java:213)
	at fr.xephi.authme.libs.com.maxmind.db.BufferHolder.<init>(BufferHolder.java:20)
	at fr.xephi.authme.libs.com.maxmind.db.Reader.<init>(Reader.java:121)
	at fr.xephi.authme.service.GeoIpService.startReading(GeoIpService.java:173)
	at fr.xephi.authme.service.GeoIpService.updateDatabase(GeoIpService.java:144)
	at org.bukkit.craftbukkit.v1_16_R3.scheduler.CraftTask.run(CraftTask.java:100)
	at org.bukkit.craftbukkit.v1_16_R3.scheduler.CraftAsyncTask.run(CraftAsyncTask.java:58)
	at com.destroystokyo.paper.ServerSchedulerReportingWrapper.run(ServerSchedulerReportingWrapper.java:22)
	at java.base/java.util.concurrent.ThreadPoolExecutor.runWorker(ThreadPoolExecutor.java:1130)
	at java.base/java.util.concurrent.ThreadPoolExecutor$Worker.run(ThreadPoolExecutor.java:630)
	at java.base/java.lang.Thread.run(Thread.java:831)

[12-11 19:34:41]: [FINE] M1ndx used the wrong password
[12-11 19:35:30]: [FINE] M1ndx used the wrong password
[12-11 19:35:39]: [FINE] M1ndx logged in 127.0.0.1
[12-11 19:35:45]: [INFO] M1ndx changed his password
