[19:27:03] [main/INFO]: Environment: authHost='https://authserver.mojang.com', accountsHost='https://api.mojang.com', sessionHost='https://sessionserver.mojang.com', servicesHost='https://api.minecraftservices.com', name='PROD'
[19:27:03] [main/INFO]: Found new data pack file/bukkit, loading it automatically
[19:27:03] [main/INFO]: Reloading ResourceManager: Default, bukkit
[19:27:03] [Worker-Main-5/INFO]: Loaded 7 recipes
[19:27:04] [Server thread/INFO]: Starting minecraft server version 1.16.5
[19:27:04] [Server thread/INFO]: Loading properties
[19:27:04] [Server console handler/ERROR]: [TerminalConsole] Failed to read console input
java.io.IOException: Неверный дескриптор
	at java.io.FileInputStream.readBytes(Native Method) ~[?:?]
	at java.io.FileInputStream.read(FileInputStream.java:271) ~[?:?]
	at java.io.BufferedInputStream.read1(BufferedInputStream.java:282) ~[?:?]
	at java.io.BufferedInputStream.read(BufferedInputStream.java:343) ~[?:?]
	at sun.nio.cs.StreamDecoder.readBytes(StreamDecoder.java:297) ~[?:?]
	at sun.nio.cs.StreamDecoder.implRead(StreamDecoder.java:339) ~[?:?]
	at sun.nio.cs.StreamDecoder.read(StreamDecoder.java:188) ~[?:?]
	at java.io.InputStreamReader.read(InputStreamReader.java:178) ~[?:?]
	at java.io.BufferedReader.fill(BufferedReader.java:161) ~[?:?]
	at java.io.BufferedReader.readLine(BufferedReader.java:329) ~[?:?]
	at java.io.BufferedReader.readLine(BufferedReader.java:396) ~[?:?]
	at net.minecrell.terminalconsole.SimpleTerminalConsole.readCommands(SimpleTerminalConsole.java:180) ~[patched_1.16.5.jar:git-Tuinity-"7d36676"]
	at net.minecrell.terminalconsole.SimpleTerminalConsole.start(SimpleTerminalConsole.java:143) ~[patched_1.16.5.jar:git-Tuinity-"7d36676"]
	at net.minecraft.server.v1_16_R3.DedicatedServer$1.run(DedicatedServer.java:106) ~[patched_1.16.5.jar:git-Tuinity-"7d36676"]
	Suppressed: java.io.IOException: Неверный дескриптор
		at java.io.FileDescriptor.close0(Native Method) ~[?:?]
		at java.io.FileDescriptor.close(FileDescriptor.java:297) ~[?:?]
		at java.io.FileInputStream$1.close(FileInputStream.java:366) ~[?:?]
		at java.io.FileDescriptor.closeAll(FileDescriptor.java:355) ~[?:?]
		at java.io.FileInputStream.close(FileInputStream.java:364) ~[?:?]
		at java.io.BufferedInputStream.close(BufferedInputStream.java:481) ~[?:?]
		at sun.nio.cs.StreamDecoder.implClose(StreamDecoder.java:391) ~[?:?]
		at sun.nio.cs.StreamDecoder.close(StreamDecoder.java:204) ~[?:?]
		at java.io.InputStreamReader.close(InputStreamReader.java:193) ~[?:?]
		at java.io.BufferedReader.close(BufferedReader.java:532) ~[?:?]
		at net.minecrell.terminalconsole.SimpleTerminalConsole.readCommands(SimpleTerminalConsole.java:183) ~[patched_1.16.5.jar:git-Tuinity-"7d36676"]
		at net.minecrell.terminalconsole.SimpleTerminalConsole.start(SimpleTerminalConsole.java:143) ~[patched_1.16.5.jar:git-Tuinity-"7d36676"]
		at net.minecraft.server.v1_16_R3.DedicatedServer$1.run(DedicatedServer.java:106) ~[patched_1.16.5.jar:git-Tuinity-"7d36676"]
[19:27:04] [Server thread/INFO]: This server is running Tuinity version git-Tuinity-"7d36676" (MC: 1.16.5) (Implementing API version 1.16.5-R0.1-SNAPSHOT)
[19:27:04] [Server thread/INFO]: Debug logging is disabled
[19:27:04] [Server thread/INFO]: Using 4 threads for Netty based IO
[19:27:04] [Server thread/INFO]: Server Ping Player Sample Count: 12
[19:27:04] [Server thread/INFO]: Default game type: SURVIVAL
[19:27:04] [Server thread/INFO]: Generating keypair
[19:27:04] [Server thread/INFO]: Starting Minecraft server on *:25565
[19:27:04] [Server thread/INFO]: Using default channel type
[19:27:04] [Server thread/INFO]: Tuinity: Using Java 11 compression from Velocity.
[19:27:04] [Server thread/INFO]: Tuinity: Using Java cipher from Velocity.
[19:27:04] [Server thread/INFO]: [PlugMan] Loading PlugMan v2.1.7
[19:27:04] [Server thread/INFO]: [ViaVersion] Loading ViaVersion v4.0.1
[19:27:04] [Server thread/INFO]: [ViaVersion] ViaVersion 4.0.1 is now loaded, injecting!
[19:27:05] [Via-Mappingloader-0/INFO]: [ViaVersion] Loading 1.12 -> 1.13 mappings...
[19:27:05] [Via-Mappingloader-1/INFO]: [ViaVersion] Loading 1.13 -> 1.13.2 mappings...
[19:27:05] [Via-Mappingloader-2/INFO]: [ViaVersion] Loading 1.13.2 -> 1.14 mappings...
[19:27:05] [Via-Mappingloader-3/INFO]: [ViaVersion] Loading 1.14 -> 1.15 mappings...
[19:27:05] [Via-Mappingloader-4/INFO]: [ViaVersion] Loading 1.15 -> 1.16 mappings...
[19:27:05] [Via-Mappingloader-5/INFO]: [ViaVersion] Loading 1.16 -> 1.16.2 mappings...
[19:27:05] [Via-Mappingloader-1/INFO]: [ViaVersion] Loading 1.16.2 -> 1.17 mappings...
[19:27:05] [Server thread/INFO]: [ViaBackwards] Loading ViaBackwards v4.0.1
[19:27:05] [Server thread/INFO]: [ViaBackwards] Loading translations...
[19:27:05] [Via-Mappingloader-0/INFO]: [ViaVersion] Loading block connection mappings ...
[19:27:05] [Via-Mappingloader-2/INFO]: [ViaBackwards] Loading 1.10 -> 1.9.4 mappings...
[19:27:05] [Via-Mappingloader-3/INFO]: [ViaBackwards] Loading 1.11 -> 1.10 mappings...
[19:27:05] [Via-Mappingloader-1/INFO]: [ViaBackwards] Loading 1.13 -> 1.12 mappings...
[19:27:05] [Via-Mappingloader-0/INFO]: [ViaBackwards] Loading 1.13.2 -> 1.13 mappings...
[19:27:05] [Via-Mappingloader-0/INFO]: [ViaBackwards] Loading 1.14 -> 1.13.2 mappings...
[19:27:05] [Via-Mappingloader-1/INFO]: [ViaBackwards] Loading 1.15 -> 1.14 mappings...
[19:27:05] [Via-Mappingloader-1/INFO]: [ViaBackwards] Loading 1.16 -> 1.15 mappings...
[19:27:05] [Via-Mappingloader-0/INFO]: [ViaBackwards] Loading 1.16.2 -> 1.16 mappings...
[19:27:05] [Via-Mappingloader-1/INFO]: [ViaBackwards] Loading 1.17 -> 1.16.2 mappings...
[19:27:05] [Server thread/INFO]: [PlaceholderAPI] Loading PlaceholderAPI v2.10.9
[19:27:05] [Server thread/INFO]: [ProtocolLib] Loading ProtocolLib v4.8.0
[19:27:06] [Server thread/INFO]: [ViaRewind] Loading ViaRewind v2.0.0
[19:27:06] [Server thread/INFO]: [TxoniklaTAB] Loading TxoniklaTAB v3.0
[19:27:06] [Server thread/INFO]: [SkinsRestorer] Loading SkinsRestorer v14.2.3
[19:27:06] [Server thread/INFO]: [F3Name] Loading F3Name v3.3.0
[19:27:06] [Server thread/INFO]: [ProtocolLib] Enabling ProtocolLib v4.8.0
[19:27:06] [Server thread/INFO]: [ProtocolLib] Started structure compiler thread.
[19:27:06] [Server thread/INFO]: [ViaRewind] Enabling ViaRewind v2.0.0
[19:27:06] [Server thread/INFO]: Preparing level "world"
[19:27:08] [Server thread/WARN]: Unable to find spawn biome
[19:27:08] [Server thread/WARN]: Unable to find spawn biome
[19:27:08] [Server thread/INFO]: Preparing start region for dimension minecraft:overworld
[19:27:08] [Server thread/INFO]: Loaded 0 spawn chunks for world world
[19:27:08] [Worker-Main-6/INFO]: Preparing spawn area: 0%
[19:27:08] [Server thread/INFO]: Time elapsed: 188 ms
[19:27:08] [Server thread/INFO]: Preparing start region for dimension minecraft:the_nether
[19:27:09] [Server thread/INFO]: Loaded 0 spawn chunks for world world_nether
[19:27:09] [Worker-Main-5/INFO]: Preparing spawn area: 0%
[19:27:09] [Server thread/INFO]: Time elapsed: 103 ms
[19:27:09] [Server thread/INFO]: Preparing start region for dimension minecraft:the_end
[19:27:09] [Server thread/INFO]: Loaded 0 spawn chunks for world world_the_end
[19:27:09] [Worker-Main-7/INFO]: Preparing spawn area: 0%
[19:27:09] [Server thread/INFO]: Time elapsed: 193 ms
[19:27:09] [Server thread/INFO]: [PlugMan] Enabling PlugMan v2.1.7
[19:27:09] [Server thread/INFO]: [ViaVersion] Enabling ViaVersion v4.0.1
[19:27:09] [Server thread/INFO]: [ViaBackwards] Enabling ViaBackwards v4.0.1
[19:27:09] [Server thread/INFO]: [PlaceholderAPI] Enabling PlaceholderAPI v2.10.9
[19:27:09] [Server thread/INFO]: [PlaceholderAPI] Fetching available expansion information...
[19:27:09] [Server thread/INFO]: [TxoniklaTAB] Enabling TxoniklaTAB v3.0
[19:27:09] [Server thread/INFO]: [TxoniklaTAB] Server version: 1.16.5 (v1_16_R3)
[19:27:09] [Server thread/INFO]: [TxoniklaTAB] Loaded NMS hook in 19ms
[19:27:09] [Server thread/INFO]: [PlaceholderAPI] Successfully registered expansion: tab
[19:27:09] [Server thread/INFO]: [TxoniklaTAB] Enabled in 60ms
[19:27:09] [Server thread/INFO]: [SkinsRestorer] Enabling SkinsRestorer v14.2.3
[19:27:09] [Server thread/INFO]: [33;1m[[32;22mSkinsRestorer[33;1m] [0;39m[32;1mDetected Minecraft [33;1mv1_16_R3[32;1m, using [33;1mSpigotSkinRefresher[32;1m.[0;39m
[19:27:09] [Server thread/INFO]: [SkinsRestorer] [ACF] Enabled Asynchronous Tab Completion Support!
[19:27:09] [Server thread/INFO]: [F3Name] Enabling F3Name v3.3.0
[19:27:09] [Server thread/INFO]: [F3Name] Starting Bukkit(v1_16_R3) version...
[19:27:09] [Server thread/INFO]: [F3Name] Found PlaceholderAPI! Using it for placeholders.
[19:27:09] [Server thread/INFO]: [F3Name] [AnkaCore, TPS: %server_tps_1_colored%]
[19:27:09] [Server thread/INFO]: [F3Name] [This is an example group, This text will show to players with example group, Player groups sorted by their weight]
[19:27:09] [Server thread/INFO]: [F3Name] Plugin enabled!
[19:27:09] [Server thread/INFO]: [PlaceholderAPI] Placeholder expansion registration initializing...
[19:27:09] [Server thread/INFO]: Running delayed init tasks
[19:27:09] [Server thread/INFO]: [ViaVersion] ViaVersion detected server version: 1.16.4/5 (754)
[19:27:09] [Server thread/INFO]: [ViaVersion] Finished mapping loading, shutting down loader executor!
[19:27:09] [Server thread/INFO]: Done (5.322s)! For help, type "help"
[19:27:09] [Server thread/INFO]: Timings Reset
[19:27:10] [Craft Scheduler Thread - 1 - SkinsRestorer/INFO]: [33;1m[[32;22mSkinsRestorer[33;1m] [0;39m[32;1m----------------------------------------------[0;39m
[19:27:10] [Craft Scheduler Thread - 1 - SkinsRestorer/INFO]: [33;1m[[32;22mSkinsRestorer[33;1m] [0;39m[32;1m    +==================+[0;39m
[19:27:10] [Craft Scheduler Thread - 1 - SkinsRestorer/INFO]: [33;1m[[32;22mSkinsRestorer[33;1m] [0;39m[32;1m    |   SkinsRestorer  |[0;39m
[19:27:10] [Craft Scheduler Thread - 1 - SkinsRestorer/INFO]: [33;1m[[32;22mSkinsRestorer[33;1m] [0;39m[32;1m    |------------------|[0;39m
[19:27:10] [Craft Scheduler Thread - 1 - SkinsRestorer/INFO]: [33;1m[[32;22mSkinsRestorer[33;1m] [0;39m[32;1m    |  [34;1m[4m[21mStandalone Mode[0;39m[32;1m |[0;39m
[19:27:10] [Craft Scheduler Thread - 1 - SkinsRestorer/INFO]: [33;1m[[32;22mSkinsRestorer[33;1m] [0;39m[32;1m    +==================+[0;39m
[19:27:10] [Craft Scheduler Thread - 1 - SkinsRestorer/INFO]: [33;1m[[32;22mSkinsRestorer[33;1m] [0;39m[32;1m----------------------------------------------[0;39m
[19:27:10] [Craft Scheduler Thread - 1 - SkinsRestorer/INFO]: [33;1m[[32;22mSkinsRestorer[33;1m] [0;39m[36;1m    Current version: [32;1m14.2.3[0;39m
[19:27:10] [Craft Scheduler Thread - 1 - SkinsRestorer/INFO]: [33;1m[[32;22mSkinsRestorer[33;1m] [0;39m[32;1m    This is the latest version![0;39m
[19:27:10] [Craft Scheduler Thread - 1 - SkinsRestorer/INFO]: [33;1m[[32;22mSkinsRestorer[33;1m] [0;39m[32;1m----------------------------------------------[0;39m
[19:27:10] [Server thread/INFO]: [PlaceholderAPI] An update for PlaceholderAPI (v2.11.2) is available at:
[19:27:10] [Server thread/INFO]: [PlaceholderAPI] https://www.spigotmc.org/resources/placeholderapi.6245/
[19:27:10] [Server thread/ERROR]: [PlaceholderAPI] expansion class LuckPermsExpansion is outdated: 
Failed to load due to a [NoClassDefFoundError], attempted to use net/luckperms/api/LuckPerms
[19:27:10] [Server thread/INFO]: [PlaceholderAPI] Successfully registered expansion: player
[19:27:10] [Server thread/INFO]: [PlaceholderAPI] Successfully registered expansion: objective
[19:27:10] [Server thread/INFO]: [PlaceholderAPI] Successfully registered expansion: server
[19:27:10] [Server thread/INFO]: [PlaceholderAPI] Successfully registered expansion: statistic
[19:27:10] [Server thread/ERROR]: [PlaceholderAPI] expansion class VaultExpansion is outdated: 
Failed to load due to a [NoClassDefFoundError], attempted to use net/milkbowl/vault/economy/Economy
[19:27:10] [Server thread/INFO]: 4 placeholder hooks successfully registered!
[19:27:10] [Server thread/WARN]: [ViaVersion] There is a newer plugin version available: 4.5.0, you're on: 4.0.1
